<?xml version="1.0" encoding="UTF-8"?>
<!-- Generated by org.testng.reporters.JUnitReportReporter -->
<testsuite hostname="DESKTOP-3N8OHH5" failures="0" tests="1" name="com.demoqa.tests.LoginTests" time="11.929" errors="0" timestamp="2024-12-09T09:58:53 CET" skipped="0">
  <testcase classname="com.demoqa.tests.LoginTests" name="loginPositiveTest" time="11.929"/>
</testsuite> <!-- com.demoqa.tests.LoginTests -->
