<?xml version="1.0" encoding="UTF-8"?>
<!-- Generated by org.testng.reporters.JUnitReportReporter -->
<testsuite hostname="DESKTOP-3N8OHH5" failures="0" tests="1" name="com.demoqa.tests.SearchBookTests" time="6.209" errors="0" timestamp="2024-12-09T09:58:53 CET" skipped="0">
  <testcase classname="com.demoqa.tests.SearchBookTests" name="searchBookPositiveTest" time="6.209"/>
</testsuite> <!-- com.demoqa.tests.SearchBookTests -->
